Arguments: 
  D:\Program Files\nodejs\node.exe D:\Program Files (x86)\Yarn\bin\yarn.js add babel-plugin-import -d

PATH: 
  C:\Program Files (x86)\Common Files\Oracle\Java\javapath;C:\WINDOWS\system32;C:\WINDOWS;C:\WINDOWS\System32\Wbem;C:\WINDOWS\System32\WindowsPowerShell\v1.0\;C:\Program Files\dotnet\;C:\Program Files\Microsoft SQL Server\130\Tools\Binn\;C:\WINDOWS\system32\config\systemprofile\.dnx\bin;C:\Program Files\Microsoft DNX\Dnvm\;C:\Program Files\Microsoft SQL Server\120\Tools\Binn\;D:\Program Files\Microsoft VS Code\bin;D:\Program Files\TortoiseSVN\bin;C:\WINDOWS\System32\OpenSSH\;C:\Program Files\TortoiseGit\bin;D:\Program Files (x86)\Yarn\bin\;D:\Program Files\nodejs\;C:\Users\MingLiang.Sima\AppData\Local\Microsoft\WindowsApps;D:\Program Files\Git\cmd;C:\Users\MingLiang.Sima\AppData\Local\Yarn\bin;C:\Users\MingLiang.Sima\AppData\Local\GitHubDesktop\bin;C:\Users\MingLiang.Sima\AppData\Roaming\npm

Yarn version: 
  1.13.0

Node version: 
  12.10.0

Platform: 
  win32 x64

Trace: 
  Error: ENOENT: no such file or directory, copyfile 'C:\Users\MingLiang.Sima\AppData\Local\Yarn\Cache\v4\npm-pify-4.0.1-4b2cd25c50d598735c50292224fd8c6df41e3231\node_modules\pify\license' -> 'D:\react自建\react-dva\dva-demo\node_modules\af-webpack\node_modules\pify\license'

npm manifest: 
  {
    "private": true,
    "scripts": {
      "start": "roadhog server",
      "build": "roadhog build",
      "lint": "eslint --ext .js src test",
      "precommit": "npm run lint"
    },
    "dependencies": {
      "dva": "^2.1.0",
      "react": "^16.2.0",
      "react-dom": "^16.2.0"
    },
    "devDependencies": {
      "babel-plugin-dva-hmr": "^0.3.2",
      "eslint": "^4.14.0",
      "eslint-config-umi": "^0.1.1",
      "eslint-plugin-flowtype": "^2.34.1",
      "eslint-plugin-import": "^2.6.0",
      "eslint-plugin-jsx-a11y": "^5.1.1",
      "eslint-plugin-react": "^7.1.0",
      "husky": "^0.12.0",
      "redbox-react": "^1.4.3",
      "roadhog": "^2.5.0-beta.4"
    }
  }

yarn manifest: 
  No manifest

Lockfile: 
  No lockfile
